1703490007070:help
1703490024556:start-test
1703490042447:start
1703490063301:stacktrace
1703490138547:start
1703490148342:r
1703490154292:log
1703490162178:r
1703490187517:s
1703490195007:r
1703490197598:t
1703490207120:r
1703490216349:t
1703490231295:r
1703490238124:l
1703490242926:r
1703490250807:stacktrace
1703490264508:t
1703490268334:r
1703490277936:start
1703490780435:s
1703490786780:re
1703490788179:res
1703493036160:l
1703493044082:t
1703493049834:r
1703493053742:start
1704802661076:aa
1704802667878:ab
1704803556068:oc
1704804089873:ab
1704804132468:oc
1704804175523:ab
1704804341366:bbid 1
1704804356164:stacktrace
1704804395255:ab
1704804399378:stacktrace
1704804508777:ab
1704804513405:stacktrace
1704804590320:фи
1704804593240:ab
1704804680815:stacktrace
1704804751872:ab
1704805242779:stacktrace
1704805269767:ab
1704860024392:bbid 1
1704860077906:bbid 2
1704860120546:bins "Мастер и Маргарита" 1 1
1704860125901:ab
1704860162388:bupd 4 "Мастер с маргаритой" 2 3
1704860177496:stacktrace
1704860211499:bdel 4
1704860213679:ab
1704860239552:bins awdawd 4 1
1704860346757:bins Abba 1 1
1704860374264:bupd 4 ABBA 2 3
1704860519749:bins Abba 1 1
1704860526785:bupd ABBA 2 3
1704860550183:stacktrace
1704860586554:bupd 4 ABBA 2 3
1704860714845:bins AbbA 1 1
1704860721685:bupd ABBA 2 3
1704860731185:bupd 4 ABBA 2 3
1704860733867:ab
1705427087656:fc 1
1705427406539:oc
1705427423713:fc 1
1705427470524:fafb 1
1705468263051:fc 1
1705468432849:fcfb 1
1705468452474:fafb 1
1705468498998:fafb 2
1705468505468:cins "Дико, но симпотично" 2
1705468518909:fafb 2
1705468546199:cupd 6 "Поменял своё мнение" 2
1705468557385:fafb 2
1705468564642:cdel 6
1705468570792:fafb 2
1705469792575:ab
1705469838693:bins "У" 3 2
1705469942833:ab
1706537789293:aa
1706537920816:ab
1706538029618:bins a 1 1
1706538063769:bins 1 1 1
1706538309376:ab
1706538311238:aa
1706538312726:ag
1706538407344:aa
1706539964884:ac
1706539988763:fcfb 1
1706540045634:aa
1706540071000:ag
1706540310247:aa
1706541090706:ab
1706541140152:aa
1706541150997:ab
1706541153860:ag
1706541172074:ab
1706541268954:ag
1706591839531:aa
1706592001696:ains "Дебиан М.А."
1706592021611:aa
1706592716455:ab
1706592772696:aa
